2017-05-26T15:34:11+00:00 ERR (3): 
exception 'PDOException' with message 'SQLSTATE[42S02]: Base table or view not found: 1146 Table 'db_postalfilatelia.sd6pf_new_jaljale_banner_slider' doesn't exist' in C:\xampp\htdocs\postalfilatelia\lib\Zend\Db\Statement\Pdo.php:228
Stack trace:
#0 C:\xampp\htdocs\postalfilatelia\lib\Zend\Db\Statement\Pdo.php(228): PDOStatement->execute(Array)
#1 C:\xampp\htdocs\postalfilatelia\lib\Varien\Db\Statement\Pdo\Mysql.php(110): Zend_Db_Statement_Pdo->_execute(Array)
#2 C:\xampp\htdocs\postalfilatelia\app\code\core\Zend\Db\Statement.php(291): Varien_Db_Statement_Pdo_Mysql->_execute(Array)
#3 C:\xampp\htdocs\postalfilatelia\lib\Zend\Db\Adapter\Abstract.php(480): Zend_Db_Statement->execute(Array)
#4 C:\xampp\htdocs\postalfilatelia\lib\Zend\Db\Adapter\Pdo\Abstract.php(238): Zend_Db_Adapter_Abstract->query('SELECT `main_ta...', Array)
#5 C:\xampp\htdocs\postalfilatelia\lib\Varien\Db\Adapter\Pdo\Mysql.php(428): Zend_Db_Adapter_Pdo_Abstract->query('SELECT `main_ta...', Array)
#6 C:\xampp\htdocs\postalfilatelia\lib\Zend\Db\Adapter\Abstract.php(737): Varien_Db_Adapter_Pdo_Mysql->query('SELECT `main_ta...', Array)
#7 C:\xampp\htdocs\postalfilatelia\lib\Varien\Data\Collection\Db.php(734): Zend_Db_Adapter_Abstract->fetchAll('SELECT `main_ta...', Array)
#8 C:\xampp\htdocs\postalfilatelia\app\code\core\Mage\Core\Model\Resource\Db\Collection\Abstract.php(521): Varien_Data_Collection_Db->_fetchAll('SELECT `main_ta...', Array)
#9 C:\xampp\htdocs\postalfilatelia\lib\Varien\Data\Collection\Db.php(566): Mage_Core_Model_Resource_Db_Collection_Abstract->getData()
#10 C:\xampp\htdocs\postalfilatelia\lib\Varien\Data\Collection.php(752): Varien_Data_Collection_Db->load()
#11 C:\xampp\htdocs\postalfilatelia\app\design\frontend\base\default\template\banner\index.phtml(30): Varien_Data_Collection->count()
#12 C:\xampp\htdocs\postalfilatelia\app\code\core\Mage\Core\Block\Template.php(241): include('C:\\xampp\\htdocs...')
#13 C:\xampp\htdocs\postalfilatelia\app\code\core\Mage\Core\Block\Template.php(272): Mage_Core_Block_Template->fetchView('frontend\\base\\d...')
#14 C:\xampp\htdocs\postalfilatelia\app\code\core\Mage\Core\Block\Template.php(286): Mage_Core_Block_Template->renderView()
#15 C:\xampp\htdocs\postalfilatelia\app\code\core\Mage\Core\Block\Abstract.php(919): Mage_Core_Block_Template->_toHtml()
#16 C:\xampp\htdocs\postalfilatelia\app\code\core\Mage\Core\Model\Email\Template\Filter.php(191): Mage_Core_Block_Abstract->toHtml()
#17 [internal function]: Mage_Core_Model_Email_Template_Filter->blockDirective(Array)
#18 C:\xampp\htdocs\postalfilatelia\lib\Varien\Filter\Template.php(134): call_user_func(Array, Array)
#19 C:\xampp\htdocs\postalfilatelia\app\code\core\Mage\Core\Model\Email\Template\Filter.php(504): Varien_Filter_Template->filter('<p>{{block type...')
#20 C:\xampp\htdocs\postalfilatelia\app\code\core\Mage\Cms\Block\Page.php(101): Mage_Core_Model_Email_Template_Filter->filter('<p>{{block type...')
#21 C:\xampp\htdocs\postalfilatelia\app\code\core\Mage\Core\Block\Abstract.php(919): Mage_Cms_Block_Page->_toHtml()
#22 C:\xampp\htdocs\postalfilatelia\app\code\core\Mage\Core\Block\Abstract.php(637): Mage_Core_Block_Abstract->toHtml()
#23 C:\xampp\htdocs\postalfilatelia\app\code\core\Mage\Core\Block\Abstract.php(577): Mage_Core_Block_Abstract->_getChildHtml('cms_page', true)
#24 C:\xampp\htdocs\postalfilatelia\app\code\core\Mage\Page\Block\Html\Wrapper.php(52): Mage_Core_Block_Abstract->getChildHtml('', true, true)
#25 C:\xampp\htdocs\postalfilatelia\app\code\core\Mage\Core\Block\Abstract.php(919): Mage_Page_Block_Html_Wrapper->_toHtml()
#26 C:\xampp\htdocs\postalfilatelia\app\code\core\Mage\Core\Block\Text\List.php(43): Mage_Core_Block_Abstract->toHtml()
#27 C:\xampp\htdocs\postalfilatelia\app\code\core\Mage\Core\Block\Abstract.php(919): Mage_Core_Block_Text_List->_toHtml()
#28 C:\xampp\htdocs\postalfilatelia\app\code\core\Mage\Core\Block\Abstract.php(637): Mage_Core_Block_Abstract->toHtml()
#29 C:\xampp\htdocs\postalfilatelia\app\code\core\Mage\Core\Block\Abstract.php(581): Mage_Core_Block_Abstract->_getChildHtml('content', true)
#30 C:\xampp\htdocs\postalfilatelia\app\design\frontend\rwd\default\template\page\1column.phtml(55): Mage_Core_Block_Abstract->getChildHtml('content')
#31 C:\xampp\htdocs\postalfilatelia\app\code\core\Mage\Core\Block\Template.php(241): include('C:\\xampp\\htdocs...')
#32 C:\xampp\htdocs\postalfilatelia\app\code\core\Mage\Core\Block\Template.php(272): Mage_Core_Block_Template->fetchView('frontend\\rwd\\de...')
#33 C:\xampp\htdocs\postalfilatelia\app\code\core\Mage\Core\Block\Template.php(286): Mage_Core_Block_Template->renderView()
#34 C:\xampp\htdocs\postalfilatelia\app\code\core\Mage\Core\Block\Abstract.php(919): Mage_Core_Block_Template->_toHtml()
#35 C:\xampp\htdocs\postalfilatelia\app\code\core\Mage\Core\Model\Layout.php(555): Mage_Core_Block_Abstract->toHtml()
#36 C:\xampp\htdocs\postalfilatelia\app\code\core\Mage\Core\Controller\Varien\Action.php(390): Mage_Core_Model_Layout->getOutput()
#37 C:\xampp\htdocs\postalfilatelia\app\code\core\Mage\Cms\Helper\Page.php(137): Mage_Core_Controller_Varien_Action->renderLayout()
#38 C:\xampp\htdocs\postalfilatelia\app\code\core\Mage\Cms\Helper\Page.php(52): Mage_Cms_Helper_Page->_renderPage(Object(Mage_Cms_IndexController), 'home')
#39 C:\xampp\htdocs\postalfilatelia\app\code\core\Mage\Cms\controllers\IndexController.php(45): Mage_Cms_Helper_Page->renderPage(Object(Mage_Cms_IndexController), 'home')
#40 C:\xampp\htdocs\postalfilatelia\app\code\core\Mage\Core\Controller\Varien\Action.php(418): Mage_Cms_IndexController->indexAction()
#41 C:\xampp\htdocs\postalfilatelia\app\code\core\Mage\Core\Controller\Varien\Router\Standard.php(250): Mage_Core_Controller_Varien_Action->dispatch('index')
#42 C:\xampp\htdocs\postalfilatelia\app\code\core\Mage\Core\Controller\Varien\Front.php(172): Mage_Core_Controller_Varien_Router_Standard->match(Object(Mage_Core_Controller_Request_Http))
#43 C:\xampp\htdocs\postalfilatelia\app\code\core\Mage\Core\Model\App.php(354): Mage_Core_Controller_Varien_Front->dispatch()
#44 C:\xampp\htdocs\postalfilatelia\app\Mage.php(684): Mage_Core_Model_App->run(Array)
#45 C:\xampp\htdocs\postalfilatelia\index.php(87): Mage::run('', 'store')
#46 {main}

Next exception 'Zend_Db_Statement_Exception' with message 'SQLSTATE[42S02]: Base table or view not found: 1146 Table 'db_postalfilatelia.sd6pf_new_jaljale_banner_slider' doesn't exist' in C:\xampp\htdocs\postalfilatelia\lib\Zend\Db\Statement\Pdo.php:234
Stack trace:
#0 C:\xampp\htdocs\postalfilatelia\lib\Varien\Db\Statement\Pdo\Mysql.php(110): Zend_Db_Statement_Pdo->_execute(Array)
#1 C:\xampp\htdocs\postalfilatelia\app\code\core\Zend\Db\Statement.php(291): Varien_Db_Statement_Pdo_Mysql->_execute(Array)
#2 C:\xampp\htdocs\postalfilatelia\lib\Zend\Db\Adapter\Abstract.php(480): Zend_Db_Statement->execute(Array)
#3 C:\xampp\htdocs\postalfilatelia\lib\Zend\Db\Adapter\Pdo\Abstract.php(238): Zend_Db_Adapter_Abstract->query('SELECT `main_ta...', Array)
#4 C:\xampp\htdocs\postalfilatelia\lib\Varien\Db\Adapter\Pdo\Mysql.php(428): Zend_Db_Adapter_Pdo_Abstract->query('SELECT `main_ta...', Array)
#5 C:\xampp\htdocs\postalfilatelia\lib\Zend\Db\Adapter\Abstract.php(737): Varien_Db_Adapter_Pdo_Mysql->query('SELECT `main_ta...', Array)
#6 C:\xampp\htdocs\postalfilatelia\lib\Varien\Data\Collection\Db.php(734): Zend_Db_Adapter_Abstract->fetchAll('SELECT `main_ta...', Array)
#7 C:\xampp\htdocs\postalfilatelia\app\code\core\Mage\Core\Model\Resource\Db\Collection\Abstract.php(521): Varien_Data_Collection_Db->_fetchAll('SELECT `main_ta...', Array)
#8 C:\xampp\htdocs\postalfilatelia\lib\Varien\Data\Collection\Db.php(566): Mage_Core_Model_Resource_Db_Collection_Abstract->getData()
#9 C:\xampp\htdocs\postalfilatelia\lib\Varien\Data\Collection.php(752): Varien_Data_Collection_Db->load()
#10 C:\xampp\htdocs\postalfilatelia\app\design\frontend\base\default\template\banner\index.phtml(30): Varien_Data_Collection->count()
#11 C:\xampp\htdocs\postalfilatelia\app\code\core\Mage\Core\Block\Template.php(241): include('C:\\xampp\\htdocs...')
#12 C:\xampp\htdocs\postalfilatelia\app\code\core\Mage\Core\Block\Template.php(272): Mage_Core_Block_Template->fetchView('frontend\\base\\d...')
#13 C:\xampp\htdocs\postalfilatelia\app\code\core\Mage\Core\Block\Template.php(286): Mage_Core_Block_Template->renderView()
#14 C:\xampp\htdocs\postalfilatelia\app\code\core\Mage\Core\Block\Abstract.php(919): Mage_Core_Block_Template->_toHtml()
#15 C:\xampp\htdocs\postalfilatelia\app\code\core\Mage\Core\Model\Email\Template\Filter.php(191): Mage_Core_Block_Abstract->toHtml()
#16 [internal function]: Mage_Core_Model_Email_Template_Filter->blockDirective(Array)
#17 C:\xampp\htdocs\postalfilatelia\lib\Varien\Filter\Template.php(134): call_user_func(Array, Array)
#18 C:\xampp\htdocs\postalfilatelia\app\code\core\Mage\Core\Model\Email\Template\Filter.php(504): Varien_Filter_Template->filter('<p>{{block type...')
#19 C:\xampp\htdocs\postalfilatelia\app\code\core\Mage\Cms\Block\Page.php(101): Mage_Core_Model_Email_Template_Filter->filter('<p>{{block type...')
#20 C:\xampp\htdocs\postalfilatelia\app\code\core\Mage\Core\Block\Abstract.php(919): Mage_Cms_Block_Page->_toHtml()
#21 C:\xampp\htdocs\postalfilatelia\app\code\core\Mage\Core\Block\Abstract.php(637): Mage_Core_Block_Abstract->toHtml()
#22 C:\xampp\htdocs\postalfilatelia\app\code\core\Mage\Core\Block\Abstract.php(577): Mage_Core_Block_Abstract->_getChildHtml('cms_page', true)
#23 C:\xampp\htdocs\postalfilatelia\app\code\core\Mage\Page\Block\Html\Wrapper.php(52): Mage_Core_Block_Abstract->getChildHtml('', true, true)
#24 C:\xampp\htdocs\postalfilatelia\app\code\core\Mage\Core\Block\Abstract.php(919): Mage_Page_Block_Html_Wrapper->_toHtml()
#25 C:\xampp\htdocs\postalfilatelia\app\code\core\Mage\Core\Block\Text\List.php(43): Mage_Core_Block_Abstract->toHtml()
#26 C:\xampp\htdocs\postalfilatelia\app\code\core\Mage\Core\Block\Abstract.php(919): Mage_Core_Block_Text_List->_toHtml()
#27 C:\xampp\htdocs\postalfilatelia\app\code\core\Mage\Core\Block\Abstract.php(637): Mage_Core_Block_Abstract->toHtml()
#28 C:\xampp\htdocs\postalfilatelia\app\code\core\Mage\Core\Block\Abstract.php(581): Mage_Core_Block_Abstract->_getChildHtml('content', true)
#29 C:\xampp\htdocs\postalfilatelia\app\design\frontend\rwd\default\template\page\1column.phtml(55): Mage_Core_Block_Abstract->getChildHtml('content')
#30 C:\xampp\htdocs\postalfilatelia\app\code\core\Mage\Core\Block\Template.php(241): include('C:\\xampp\\htdocs...')
#31 C:\xampp\htdocs\postalfilatelia\app\code\core\Mage\Core\Block\Template.php(272): Mage_Core_Block_Template->fetchView('frontend\\rwd\\de...')
#32 C:\xampp\htdocs\postalfilatelia\app\code\core\Mage\Core\Block\Template.php(286): Mage_Core_Block_Template->renderView()
#33 C:\xampp\htdocs\postalfilatelia\app\code\core\Mage\Core\Block\Abstract.php(919): Mage_Core_Block_Template->_toHtml()
#34 C:\xampp\htdocs\postalfilatelia\app\code\core\Mage\Core\Model\Layout.php(555): Mage_Core_Block_Abstract->toHtml()
#35 C:\xampp\htdocs\postalfilatelia\app\code\core\Mage\Core\Controller\Varien\Action.php(390): Mage_Core_Model_Layout->getOutput()
#36 C:\xampp\htdocs\postalfilatelia\app\code\core\Mage\Cms\Helper\Page.php(137): Mage_Core_Controller_Varien_Action->renderLayout()
#37 C:\xampp\htdocs\postalfilatelia\app\code\core\Mage\Cms\Helper\Page.php(52): Mage_Cms_Helper_Page->_renderPage(Object(Mage_Cms_IndexController), 'home')
#38 C:\xampp\htdocs\postalfilatelia\app\code\core\Mage\Cms\controllers\IndexController.php(45): Mage_Cms_Helper_Page->renderPage(Object(Mage_Cms_IndexController), 'home')
#39 C:\xampp\htdocs\postalfilatelia\app\code\core\Mage\Core\Controller\Varien\Action.php(418): Mage_Cms_IndexController->indexAction()
#40 C:\xampp\htdocs\postalfilatelia\app\code\core\Mage\Core\Controller\Varien\Router\Standard.php(250): Mage_Core_Controller_Varien_Action->dispatch('index')
#41 C:\xampp\htdocs\postalfilatelia\app\code\core\Mage\Core\Controller\Varien\Front.php(172): Mage_Core_Controller_Varien_Router_Standard->match(Object(Mage_Core_Controller_Request_Http))
#42 C:\xampp\htdocs\postalfilatelia\app\code\core\Mage\Core\Model\App.php(354): Mage_Core_Controller_Varien_Front->dispatch()
#43 C:\xampp\htdocs\postalfilatelia\app\Mage.php(684): Mage_Core_Model_App->run(Array)
#44 C:\xampp\htdocs\postalfilatelia\index.php(87): Mage::run('', 'store')
#45 {main}
2017-05-26T16:08:32+00:00 ERR (3): 
exception 'PDOException' with message 'SQLSTATE[42S02]: Base table or view not found: 1146 Table 'db_postalfilatelia.sd6pf_new_jaljale_banner_slider' doesn't exist' in C:\xampp\htdocs\postalfilatelia\lib\Zend\Db\Statement\Pdo.php:228
Stack trace:
#0 C:\xampp\htdocs\postalfilatelia\lib\Zend\Db\Statement\Pdo.php(228): PDOStatement->execute(Array)
#1 C:\xampp\htdocs\postalfilatelia\lib\Varien\Db\Statement\Pdo\Mysql.php(110): Zend_Db_Statement_Pdo->_execute(Array)
#2 C:\xampp\htdocs\postalfilatelia\app\code\core\Zend\Db\Statement.php(291): Varien_Db_Statement_Pdo_Mysql->_execute(Array)
#3 C:\xampp\htdocs\postalfilatelia\lib\Zend\Db\Adapter\Abstract.php(480): Zend_Db_Statement->execute(Array)
#4 C:\xampp\htdocs\postalfilatelia\lib\Zend\Db\Adapter\Pdo\Abstract.php(238): Zend_Db_Adapter_Abstract->query('SELECT `main_ta...', Array)
#5 C:\xampp\htdocs\postalfilatelia\lib\Varien\Db\Adapter\Pdo\Mysql.php(428): Zend_Db_Adapter_Pdo_Abstract->query('SELECT `main_ta...', Array)
#6 C:\xampp\htdocs\postalfilatelia\lib\Zend\Db\Adapter\Abstract.php(737): Varien_Db_Adapter_Pdo_Mysql->query('SELECT `main_ta...', Array)
#7 C:\xampp\htdocs\postalfilatelia\lib\Varien\Data\Collection\Db.php(734): Zend_Db_Adapter_Abstract->fetchAll('SELECT `main_ta...', Array)
#8 C:\xampp\htdocs\postalfilatelia\app\code\core\Mage\Core\Model\Resource\Db\Collection\Abstract.php(521): Varien_Data_Collection_Db->_fetchAll('SELECT `main_ta...', Array)
#9 C:\xampp\htdocs\postalfilatelia\lib\Varien\Data\Collection\Db.php(566): Mage_Core_Model_Resource_Db_Collection_Abstract->getData()
#10 C:\xampp\htdocs\postalfilatelia\lib\Varien\Data\Collection.php(752): Varien_Data_Collection_Db->load()
#11 C:\xampp\htdocs\postalfilatelia\app\design\frontend\base\default\template\banner\index.phtml(30): Varien_Data_Collection->count()
#12 C:\xampp\htdocs\postalfilatelia\app\code\core\Mage\Core\Block\Template.php(241): include('C:\\xampp\\htdocs...')
#13 C:\xampp\htdocs\postalfilatelia\app\code\core\Mage\Core\Block\Template.php(272): Mage_Core_Block_Template->fetchView('frontend\\base\\d...')
#14 C:\xampp\htdocs\postalfilatelia\app\code\core\Mage\Core\Block\Template.php(286): Mage_Core_Block_Template->renderView()
#15 C:\xampp\htdocs\postalfilatelia\app\code\core\Mage\Core\Block\Abstract.php(919): Mage_Core_Block_Template->_toHtml()
#16 C:\xampp\htdocs\postalfilatelia\app\code\core\Mage\Core\Model\Email\Template\Filter.php(191): Mage_Core_Block_Abstract->toHtml()
#17 [internal function]: Mage_Core_Model_Email_Template_Filter->blockDirective(Array)
#18 C:\xampp\htdocs\postalfilatelia\lib\Varien\Filter\Template.php(134): call_user_func(Array, Array)
#19 C:\xampp\htdocs\postalfilatelia\app\code\core\Mage\Core\Model\Email\Template\Filter.php(504): Varien_Filter_Template->filter('<p>{{block type...')
#20 C:\xampp\htdocs\postalfilatelia\app\code\core\Mage\Cms\Block\Page.php(101): Mage_Core_Model_Email_Template_Filter->filter('<p>{{block type...')
#21 C:\xampp\htdocs\postalfilatelia\app\code\core\Mage\Core\Block\Abstract.php(919): Mage_Cms_Block_Page->_toHtml()
#22 C:\xampp\htdocs\postalfilatelia\app\code\core\Mage\Core\Block\Abstract.php(637): Mage_Core_Block_Abstract->toHtml()
#23 C:\xampp\htdocs\postalfilatelia\app\code\core\Mage\Core\Block\Abstract.php(577): Mage_Core_Block_Abstract->_getChildHtml('cms_page', true)
#24 C:\xampp\htdocs\postalfilatelia\app\code\core\Mage\Page\Block\Html\Wrapper.php(52): Mage_Core_Block_Abstract->getChildHtml('', true, true)
#25 C:\xampp\htdocs\postalfilatelia\app\code\core\Mage\Core\Block\Abstract.php(919): Mage_Page_Block_Html_Wrapper->_toHtml()
#26 C:\xampp\htdocs\postalfilatelia\app\code\core\Mage\Core\Block\Text\List.php(43): Mage_Core_Block_Abstract->toHtml()
#27 C:\xampp\htdocs\postalfilatelia\app\code\core\Mage\Core\Block\Abstract.php(919): Mage_Core_Block_Text_List->_toHtml()
#28 C:\xampp\htdocs\postalfilatelia\app\code\core\Mage\Core\Block\Abstract.php(637): Mage_Core_Block_Abstract->toHtml()
#29 C:\xampp\htdocs\postalfilatelia\app\code\core\Mage\Core\Block\Abstract.php(581): Mage_Core_Block_Abstract->_getChildHtml('content', true)
#30 C:\xampp\htdocs\postalfilatelia\app\design\frontend\rwd\default\template\page\1column.phtml(55): Mage_Core_Block_Abstract->getChildHtml('content')
#31 C:\xampp\htdocs\postalfilatelia\app\code\core\Mage\Core\Block\Template.php(241): include('C:\\xampp\\htdocs...')
#32 C:\xampp\htdocs\postalfilatelia\app\code\core\Mage\Core\Block\Template.php(272): Mage_Core_Block_Template->fetchView('frontend\\rwd\\de...')
#33 C:\xampp\htdocs\postalfilatelia\app\code\core\Mage\Core\Block\Template.php(286): Mage_Core_Block_Template->renderView()
#34 C:\xampp\htdocs\postalfilatelia\app\code\core\Mage\Core\Block\Abstract.php(919): Mage_Core_Block_Template->_toHtml()
#35 C:\xampp\htdocs\postalfilatelia\app\code\core\Mage\Core\Model\Layout.php(555): Mage_Core_Block_Abstract->toHtml()
#36 C:\xampp\htdocs\postalfilatelia\app\code\core\Mage\Core\Controller\Varien\Action.php(390): Mage_Core_Model_Layout->getOutput()
#37 C:\xampp\htdocs\postalfilatelia\app\code\core\Mage\Cms\Helper\Page.php(137): Mage_Core_Controller_Varien_Action->renderLayout()
#38 C:\xampp\htdocs\postalfilatelia\app\code\core\Mage\Cms\Helper\Page.php(52): Mage_Cms_Helper_Page->_renderPage(Object(Mage_Cms_IndexController), 'home')
#39 C:\xampp\htdocs\postalfilatelia\app\code\core\Mage\Cms\controllers\IndexController.php(45): Mage_Cms_Helper_Page->renderPage(Object(Mage_Cms_IndexController), 'home')
#40 C:\xampp\htdocs\postalfilatelia\app\code\core\Mage\Core\Controller\Varien\Action.php(418): Mage_Cms_IndexController->indexAction()
#41 C:\xampp\htdocs\postalfilatelia\app\code\core\Mage\Core\Controller\Varien\Router\Standard.php(250): Mage_Core_Controller_Varien_Action->dispatch('index')
#42 C:\xampp\htdocs\postalfilatelia\app\code\core\Mage\Core\Controller\Varien\Front.php(172): Mage_Core_Controller_Varien_Router_Standard->match(Object(Mage_Core_Controller_Request_Http))
#43 C:\xampp\htdocs\postalfilatelia\app\code\core\Mage\Core\Model\App.php(354): Mage_Core_Controller_Varien_Front->dispatch()
#44 C:\xampp\htdocs\postalfilatelia\app\Mage.php(684): Mage_Core_Model_App->run(Array)
#45 C:\xampp\htdocs\postalfilatelia\index.php(87): Mage::run('', 'store')
#46 {main}

Next exception 'Zend_Db_Statement_Exception' with message 'SQLSTATE[42S02]: Base table or view not found: 1146 Table 'db_postalfilatelia.sd6pf_new_jaljale_banner_slider' doesn't exist' in C:\xampp\htdocs\postalfilatelia\lib\Zend\Db\Statement\Pdo.php:234
Stack trace:
#0 C:\xampp\htdocs\postalfilatelia\lib\Varien\Db\Statement\Pdo\Mysql.php(110): Zend_Db_Statement_Pdo->_execute(Array)
#1 C:\xampp\htdocs\postalfilatelia\app\code\core\Zend\Db\Statement.php(291): Varien_Db_Statement_Pdo_Mysql->_execute(Array)
#2 C:\xampp\htdocs\postalfilatelia\lib\Zend\Db\Adapter\Abstract.php(480): Zend_Db_Statement->execute(Array)
#3 C:\xampp\htdocs\postalfilatelia\lib\Zend\Db\Adapter\Pdo\Abstract.php(238): Zend_Db_Adapter_Abstract->query('SELECT `main_ta...', Array)
#4 C:\xampp\htdocs\postalfilatelia\lib\Varien\Db\Adapter\Pdo\Mysql.php(428): Zend_Db_Adapter_Pdo_Abstract->query('SELECT `main_ta...', Array)
#5 C:\xampp\htdocs\postalfilatelia\lib\Zend\Db\Adapter\Abstract.php(737): Varien_Db_Adapter_Pdo_Mysql->query('SELECT `main_ta...', Array)
#6 C:\xampp\htdocs\postalfilatelia\lib\Varien\Data\Collection\Db.php(734): Zend_Db_Adapter_Abstract->fetchAll('SELECT `main_ta...', Array)
#7 C:\xampp\htdocs\postalfilatelia\app\code\core\Mage\Core\Model\Resource\Db\Collection\Abstract.php(521): Varien_Data_Collection_Db->_fetchAll('SELECT `main_ta...', Array)
#8 C:\xampp\htdocs\postalfilatelia\lib\Varien\Data\Collection\Db.php(566): Mage_Core_Model_Resource_Db_Collection_Abstract->getData()
#9 C:\xampp\htdocs\postalfilatelia\lib\Varien\Data\Collection.php(752): Varien_Data_Collection_Db->load()
#10 C:\xampp\htdocs\postalfilatelia\app\design\frontend\base\default\template\banner\index.phtml(30): Varien_Data_Collection->count()
#11 C:\xampp\htdocs\postalfilatelia\app\code\core\Mage\Core\Block\Template.php(241): include('C:\\xampp\\htdocs...')
#12 C:\xampp\htdocs\postalfilatelia\app\code\core\Mage\Core\Block\Template.php(272): Mage_Core_Block_Template->fetchView('frontend\\base\\d...')
#13 C:\xampp\htdocs\postalfilatelia\app\code\core\Mage\Core\Block\Template.php(286): Mage_Core_Block_Template->renderView()
#14 C:\xampp\htdocs\postalfilatelia\app\code\core\Mage\Core\Block\Abstract.php(919): Mage_Core_Block_Template->_toHtml()
#15 C:\xampp\htdocs\postalfilatelia\app\code\core\Mage\Core\Model\Email\Template\Filter.php(191): Mage_Core_Block_Abstract->toHtml()
#16 [internal function]: Mage_Core_Model_Email_Template_Filter->blockDirective(Array)
#17 C:\xampp\htdocs\postalfilatelia\lib\Varien\Filter\Template.php(134): call_user_func(Array, Array)
#18 C:\xampp\htdocs\postalfilatelia\app\code\core\Mage\Core\Model\Email\Template\Filter.php(504): Varien_Filter_Template->filter('<p>{{block type...')
#19 C:\xampp\htdocs\postalfilatelia\app\code\core\Mage\Cms\Block\Page.php(101): Mage_Core_Model_Email_Template_Filter->filter('<p>{{block type...')
#20 C:\xampp\htdocs\postalfilatelia\app\code\core\Mage\Core\Block\Abstract.php(919): Mage_Cms_Block_Page->_toHtml()
#21 C:\xampp\htdocs\postalfilatelia\app\code\core\Mage\Core\Block\Abstract.php(637): Mage_Core_Block_Abstract->toHtml()
#22 C:\xampp\htdocs\postalfilatelia\app\code\core\Mage\Core\Block\Abstract.php(577): Mage_Core_Block_Abstract->_getChildHtml('cms_page', true)
#23 C:\xampp\htdocs\postalfilatelia\app\code\core\Mage\Page\Block\Html\Wrapper.php(52): Mage_Core_Block_Abstract->getChildHtml('', true, true)
#24 C:\xampp\htdocs\postalfilatelia\app\code\core\Mage\Core\Block\Abstract.php(919): Mage_Page_Block_Html_Wrapper->_toHtml()
#25 C:\xampp\htdocs\postalfilatelia\app\code\core\Mage\Core\Block\Text\List.php(43): Mage_Core_Block_Abstract->toHtml()
#26 C:\xampp\htdocs\postalfilatelia\app\code\core\Mage\Core\Block\Abstract.php(919): Mage_Core_Block_Text_List->_toHtml()
#27 C:\xampp\htdocs\postalfilatelia\app\code\core\Mage\Core\Block\Abstract.php(637): Mage_Core_Block_Abstract->toHtml()
#28 C:\xampp\htdocs\postalfilatelia\app\code\core\Mage\Core\Block\Abstract.php(581): Mage_Core_Block_Abstract->_getChildHtml('content', true)
#29 C:\xampp\htdocs\postalfilatelia\app\design\frontend\rwd\default\template\page\1column.phtml(55): Mage_Core_Block_Abstract->getChildHtml('content')
#30 C:\xampp\htdocs\postalfilatelia\app\code\core\Mage\Core\Block\Template.php(241): include('C:\\xampp\\htdocs...')
#31 C:\xampp\htdocs\postalfilatelia\app\code\core\Mage\Core\Block\Template.php(272): Mage_Core_Block_Template->fetchView('frontend\\rwd\\de...')
#32 C:\xampp\htdocs\postalfilatelia\app\code\core\Mage\Core\Block\Template.php(286): Mage_Core_Block_Template->renderView()
#33 C:\xampp\htdocs\postalfilatelia\app\code\core\Mage\Core\Block\Abstract.php(919): Mage_Core_Block_Template->_toHtml()
#34 C:\xampp\htdocs\postalfilatelia\app\code\core\Mage\Core\Model\Layout.php(555): Mage_Core_Block_Abstract->toHtml()
#35 C:\xampp\htdocs\postalfilatelia\app\code\core\Mage\Core\Controller\Varien\Action.php(390): Mage_Core_Model_Layout->getOutput()
#36 C:\xampp\htdocs\postalfilatelia\app\code\core\Mage\Cms\Helper\Page.php(137): Mage_Core_Controller_Varien_Action->renderLayout()
#37 C:\xampp\htdocs\postalfilatelia\app\code\core\Mage\Cms\Helper\Page.php(52): Mage_Cms_Helper_Page->_renderPage(Object(Mage_Cms_IndexController), 'home')
#38 C:\xampp\htdocs\postalfilatelia\app\code\core\Mage\Cms\controllers\IndexController.php(45): Mage_Cms_Helper_Page->renderPage(Object(Mage_Cms_IndexController), 'home')
#39 C:\xampp\htdocs\postalfilatelia\app\code\core\Mage\Core\Controller\Varien\Action.php(418): Mage_Cms_IndexController->indexAction()
#40 C:\xampp\htdocs\postalfilatelia\app\code\core\Mage\Core\Controller\Varien\Router\Standard.php(250): Mage_Core_Controller_Varien_Action->dispatch('index')
#41 C:\xampp\htdocs\postalfilatelia\app\code\core\Mage\Core\Controller\Varien\Front.php(172): Mage_Core_Controller_Varien_Router_Standard->match(Object(Mage_Core_Controller_Request_Http))
#42 C:\xampp\htdocs\postalfilatelia\app\code\core\Mage\Core\Model\App.php(354): Mage_Core_Controller_Varien_Front->dispatch()
#43 C:\xampp\htdocs\postalfilatelia\app\Mage.php(684): Mage_Core_Model_App->run(Array)
#44 C:\xampp\htdocs\postalfilatelia\index.php(87): Mage::run('', 'store')
#45 {main}
2017-05-26T18:45:58+00:00 ERR (3): 
exception 'Mage_Core_Exception' with message 'Tipo de bloco inválido: Mage_Superslider_Block_Superslider' in C:\xampp\htdocs\postalfilatelia\app\Mage.php:595
Stack trace:
#0 C:\xampp\htdocs\postalfilatelia\app\code\core\Mage\Core\Model\Layout.php(495): Mage::throwException('Tipo de bloco i...')
#1 C:\xampp\htdocs\postalfilatelia\app\code\core\Mage\Core\Model\Layout.php(437): Mage_Core_Model_Layout->_getBlockInstance('superslider/sup...', Array)
#2 C:\xampp\htdocs\postalfilatelia\app\code\core\Mage\Core\Model\Email\Template\Filter.php(164): Mage_Core_Model_Layout->createBlock('superslider/sup...', NULL, Array)
#3 [internal function]: Mage_Core_Model_Email_Template_Filter->blockDirective(Array)
#4 C:\xampp\htdocs\postalfilatelia\lib\Varien\Filter\Template.php(134): call_user_func(Array, Array)
#5 C:\xampp\htdocs\postalfilatelia\app\code\core\Mage\Core\Model\Email\Template\Filter.php(504): Varien_Filter_Template->filter('<p>{{block type...')
#6 C:\xampp\htdocs\postalfilatelia\app\code\core\Mage\Cms\Block\Page.php(101): Mage_Core_Model_Email_Template_Filter->filter('<p>{{block type...')
#7 C:\xampp\htdocs\postalfilatelia\app\code\core\Mage\Core\Block\Abstract.php(919): Mage_Cms_Block_Page->_toHtml()
#8 C:\xampp\htdocs\postalfilatelia\app\code\core\Mage\Core\Block\Abstract.php(637): Mage_Core_Block_Abstract->toHtml()
#9 C:\xampp\htdocs\postalfilatelia\app\code\core\Mage\Core\Block\Abstract.php(577): Mage_Core_Block_Abstract->_getChildHtml('cms_page', true)
#10 C:\xampp\htdocs\postalfilatelia\app\code\core\Mage\Page\Block\Html\Wrapper.php(52): Mage_Core_Block_Abstract->getChildHtml('', true, true)
#11 C:\xampp\htdocs\postalfilatelia\app\code\core\Mage\Core\Block\Abstract.php(919): Mage_Page_Block_Html_Wrapper->_toHtml()
#12 C:\xampp\htdocs\postalfilatelia\app\code\core\Mage\Core\Block\Text\List.php(43): Mage_Core_Block_Abstract->toHtml()
#13 C:\xampp\htdocs\postalfilatelia\app\code\core\Mage\Core\Block\Abstract.php(919): Mage_Core_Block_Text_List->_toHtml()
#14 C:\xampp\htdocs\postalfilatelia\app\code\core\Mage\Core\Block\Abstract.php(637): Mage_Core_Block_Abstract->toHtml()
#15 C:\xampp\htdocs\postalfilatelia\app\code\core\Mage\Core\Block\Abstract.php(581): Mage_Core_Block_Abstract->_getChildHtml('content', true)
#16 C:\xampp\htdocs\postalfilatelia\app\design\frontend\rwd\default\template\page\1column.phtml(55): Mage_Core_Block_Abstract->getChildHtml('content')
#17 C:\xampp\htdocs\postalfilatelia\app\code\core\Mage\Core\Block\Template.php(241): include('C:\\xampp\\htdocs...')
#18 C:\xampp\htdocs\postalfilatelia\app\code\core\Mage\Core\Block\Template.php(272): Mage_Core_Block_Template->fetchView('frontend\\rwd\\de...')
#19 C:\xampp\htdocs\postalfilatelia\app\code\core\Mage\Core\Block\Template.php(286): Mage_Core_Block_Template->renderView()
#20 C:\xampp\htdocs\postalfilatelia\app\code\core\Mage\Core\Block\Abstract.php(919): Mage_Core_Block_Template->_toHtml()
#21 C:\xampp\htdocs\postalfilatelia\app\code\core\Mage\Core\Model\Layout.php(555): Mage_Core_Block_Abstract->toHtml()
#22 C:\xampp\htdocs\postalfilatelia\app\code\core\Mage\Core\Controller\Varien\Action.php(390): Mage_Core_Model_Layout->getOutput()
#23 C:\xampp\htdocs\postalfilatelia\app\code\core\Mage\Cms\Helper\Page.php(137): Mage_Core_Controller_Varien_Action->renderLayout()
#24 C:\xampp\htdocs\postalfilatelia\app\code\core\Mage\Cms\Helper\Page.php(52): Mage_Cms_Helper_Page->_renderPage(Object(Mage_Cms_IndexController), 'home')
#25 C:\xampp\htdocs\postalfilatelia\app\code\core\Mage\Cms\controllers\IndexController.php(45): Mage_Cms_Helper_Page->renderPage(Object(Mage_Cms_IndexController), 'home')
#26 C:\xampp\htdocs\postalfilatelia\app\code\core\Mage\Core\Controller\Varien\Action.php(418): Mage_Cms_IndexController->indexAction()
#27 C:\xampp\htdocs\postalfilatelia\app\code\core\Mage\Core\Controller\Varien\Router\Standard.php(250): Mage_Core_Controller_Varien_Action->dispatch('index')
#28 C:\xampp\htdocs\postalfilatelia\app\code\core\Mage\Core\Controller\Varien\Front.php(172): Mage_Core_Controller_Varien_Router_Standard->match(Object(Mage_Core_Controller_Request_Http))
#29 C:\xampp\htdocs\postalfilatelia\app\code\core\Mage\Core\Model\App.php(354): Mage_Core_Controller_Varien_Front->dispatch()
#30 C:\xampp\htdocs\postalfilatelia\app\Mage.php(684): Mage_Core_Model_App->run(Array)
#31 C:\xampp\htdocs\postalfilatelia\index.php(87): Mage::run('', 'store')
#32 {main}
2017-05-30T19:40:17+00:00 ERR (3): 
exception 'Zend_Mail_Transport_Exception' with message 'Unable to send mail. mail(): Failed to connect to mailserver at &quot;localhost&quot; port 25, verify your &quot;SMTP&quot; and &quot;smtp_port&quot; setting in php.ini or use ini_set()' in C:\xampp\htdocs\postalfilatelia\lib\Zend\Mail\Transport\Sendmail.php:137
Stack trace:
#0 C:\xampp\htdocs\postalfilatelia\lib\Zend\Mail\Transport\Abstract.php(348): Zend_Mail_Transport_Sendmail->_sendMail()
#1 C:\xampp\htdocs\postalfilatelia\lib\Zend\Mail.php(1194): Zend_Mail_Transport_Abstract->send(Object(Zend_Mail))
#2 C:\xampp\htdocs\postalfilatelia\app\code\core\Mage\Core\Model\Email\Template.php(454): Zend_Mail->send()
#3 C:\xampp\htdocs\postalfilatelia\app\code\core\Mage\Core\Model\Email\Template.php(506): Mage_Core_Model_Email_Template->send(Array, Array, Array)
#4 C:\xampp\htdocs\postalfilatelia\app\code\core\Mage\Core\Model\Email\Template\Mailer.php(79): Mage_Core_Model_Email_Template->sendTransactional('customer_create...', 'general', Array, Array, Array, '1')
#5 C:\xampp\htdocs\postalfilatelia\app\code\core\Mage\Customer\Model\Customer.php(676): Mage_Core_Model_Email_Template_Mailer->send()
#6 C:\xampp\htdocs\postalfilatelia\app\code\core\Mage\Customer\Model\Customer.php(603): Mage_Customer_Model_Customer->_sendEmailTemplate('customer/create...', 'customer/create...', Array, '1')
#7 C:\xampp\htdocs\postalfilatelia\app\code\core\Mage\Customer\controllers\AccountController.php(549): Mage_Customer_Model_Customer->sendNewAccountEmail('registered', '', '1')
#8 C:\xampp\htdocs\postalfilatelia\app\code\core\Mage\Customer\controllers\AccountController.php(335): Mage_Customer_AccountController->_welcomeCustomer(Object(Mage_Customer_Model_Customer))
#9 C:\xampp\htdocs\postalfilatelia\app\code\core\Mage\Customer\controllers\AccountController.php(287): Mage_Customer_AccountController->_successProcessRegistration(Object(Mage_Customer_Model_Customer))
#10 C:\xampp\htdocs\postalfilatelia\app\code\core\Mage\Core\Controller\Varien\Action.php(418): Mage_Customer_AccountController->createPostAction()
#11 C:\xampp\htdocs\postalfilatelia\app\code\core\Mage\Core\Controller\Varien\Router\Standard.php(250): Mage_Core_Controller_Varien_Action->dispatch('createpost')
#12 C:\xampp\htdocs\postalfilatelia\app\code\core\Mage\Core\Controller\Varien\Front.php(172): Mage_Core_Controller_Varien_Router_Standard->match(Object(Mage_Core_Controller_Request_Http))
#13 C:\xampp\htdocs\postalfilatelia\app\code\core\Mage\Core\Model\App.php(354): Mage_Core_Controller_Varien_Front->dispatch()
#14 C:\xampp\htdocs\postalfilatelia\app\Mage.php(684): Mage_Core_Model_App->run(Array)
#15 C:\xampp\htdocs\postalfilatelia\index.php(87): Mage::run('', 'store')
#16 {main}
2017-06-09T12:12:24+00:00 DEBUG (7): Exception message: package with this name does not exist and cannot be set.
Trace: #0 C:\xampp\htdocs\postalfilatelia\app\code\core\Mage\Core\Model\Abstract.php(316): Mage_Adminhtml_Model_System_Config_Backend_Design_Package->_beforeSave()
#1 C:\xampp\htdocs\postalfilatelia\app\code\core\Mage\Core\Model\Resource\Transaction.php(151): Mage_Core_Model_Abstract->save()
#2 C:\xampp\htdocs\postalfilatelia\app\code\core\Mage\Adminhtml\Model\Config\Data.php(206): Mage_Core_Model_Resource_Transaction->save()
#3 C:\xampp\htdocs\postalfilatelia\app\code\core\Mage\Adminhtml\controllers\System\ConfigController.php(165): Mage_Adminhtml_Model_Config_Data->save()
#4 C:\xampp\htdocs\postalfilatelia\app\code\core\Mage\Core\Controller\Varien\Action.php(418): Mage_Adminhtml_System_ConfigController->saveAction()
#5 C:\xampp\htdocs\postalfilatelia\app\code\core\Mage\Core\Controller\Varien\Router\Standard.php(250): Mage_Core_Controller_Varien_Action->dispatch('save')
#6 C:\xampp\htdocs\postalfilatelia\app\code\core\Mage\Core\Controller\Varien\Front.php(172): Mage_Core_Controller_Varien_Router_Standard->match(Object(Mage_Core_Controller_Request_Http))
#7 C:\xampp\htdocs\postalfilatelia\app\code\core\Mage\Core\Model\App.php(354): Mage_Core_Controller_Varien_Front->dispatch()
#8 C:\xampp\htdocs\postalfilatelia\app\Mage.php(684): Mage_Core_Model_App->run(Array)
#9 C:\xampp\htdocs\postalfilatelia\index.php(87): Mage::run('', 'store')
#10 {main}
2017-06-09T18:05:53+00:00 ERR (3): 
exception 'Mage_Core_Exception' with message 'Tipo de bloco inválido: Mage_Catalog_Block_Navgation' in C:\xampp\htdocs\postalfilatelia\app\Mage.php:595
Stack trace:
#0 C:\xampp\htdocs\postalfilatelia\app\code\core\Mage\Core\Model\Layout.php(495): Mage::throwException('Tipo de bloco i...')
#1 C:\xampp\htdocs\postalfilatelia\app\code\core\Mage\Core\Model\Layout.php(437): Mage_Core_Model_Layout->_getBlockInstance('catalog/navgati...', Array)
#2 C:\xampp\htdocs\postalfilatelia\app\code\core\Mage\Core\Model\Layout.php(472): Mage_Core_Model_Layout->createBlock('catalog/navgati...', 'side.menu')
#3 C:\xampp\htdocs\postalfilatelia\app\code\core\Mage\Core\Model\Layout.php(239): Mage_Core_Model_Layout->addBlock('catalog/navgati...', 'side.menu')
#4 C:\xampp\htdocs\postalfilatelia\app\code\core\Mage\Core\Model\Layout.php(205): Mage_Core_Model_Layout->_generateBlock(Object(Mage_Core_Model_Layout_Element), Object(Mage_Core_Model_Layout_Element))
#5 C:\xampp\htdocs\postalfilatelia\app\code\core\Mage\Core\Model\Layout.php(206): Mage_Core_Model_Layout->generateBlocks(Object(Mage_Core_Model_Layout_Element))
#6 C:\xampp\htdocs\postalfilatelia\app\code\core\Mage\Core\Model\Layout.php(206): Mage_Core_Model_Layout->generateBlocks(Object(Mage_Core_Model_Layout_Element))
#7 C:\xampp\htdocs\postalfilatelia\app\code\core\Mage\Core\Controller\Varien\Action.php(344): Mage_Core_Model_Layout->generateBlocks()
#8 C:\xampp\htdocs\postalfilatelia\app\code\core\Mage\Catalog\controllers\CategoryController.php(148): Mage_Core_Controller_Varien_Action->generateLayoutBlocks()
#9 C:\xampp\htdocs\postalfilatelia\app\code\core\Mage\Core\Controller\Varien\Action.php(418): Mage_Catalog_CategoryController->viewAction()
#10 C:\xampp\htdocs\postalfilatelia\app\code\core\Mage\Core\Controller\Varien\Router\Standard.php(250): Mage_Core_Controller_Varien_Action->dispatch('view')
#11 C:\xampp\htdocs\postalfilatelia\app\code\core\Mage\Core\Controller\Varien\Front.php(172): Mage_Core_Controller_Varien_Router_Standard->match(Object(Mage_Core_Controller_Request_Http))
#12 C:\xampp\htdocs\postalfilatelia\app\code\core\Mage\Core\Model\App.php(354): Mage_Core_Controller_Varien_Front->dispatch()
#13 C:\xampp\htdocs\postalfilatelia\app\Mage.php(684): Mage_Core_Model_App->run(Array)
#14 C:\xampp\htdocs\postalfilatelia\index.php(87): Mage::run('', 'store')
#15 {main}
2017-06-09T18:05:57+00:00 ERR (3): 
exception 'Mage_Core_Exception' with message 'Tipo de bloco inválido: Mage_Catalog_Block_Navgation' in C:\xampp\htdocs\postalfilatelia\app\Mage.php:595
Stack trace:
#0 C:\xampp\htdocs\postalfilatelia\app\code\core\Mage\Core\Model\Layout.php(495): Mage::throwException('Tipo de bloco i...')
#1 C:\xampp\htdocs\postalfilatelia\app\code\core\Mage\Core\Model\Layout.php(437): Mage_Core_Model_Layout->_getBlockInstance('catalog/navgati...', Array)
#2 C:\xampp\htdocs\postalfilatelia\app\code\core\Mage\Core\Model\Layout.php(472): Mage_Core_Model_Layout->createBlock('catalog/navgati...', 'side.menu')
#3 C:\xampp\htdocs\postalfilatelia\app\code\core\Mage\Core\Model\Layout.php(239): Mage_Core_Model_Layout->addBlock('catalog/navgati...', 'side.menu')
#4 C:\xampp\htdocs\postalfilatelia\app\code\core\Mage\Core\Model\Layout.php(205): Mage_Core_Model_Layout->_generateBlock(Object(Mage_Core_Model_Layout_Element), Object(Mage_Core_Model_Layout_Element))
#5 C:\xampp\htdocs\postalfilatelia\app\code\core\Mage\Core\Model\Layout.php(206): Mage_Core_Model_Layout->generateBlocks(Object(Mage_Core_Model_Layout_Element))
#6 C:\xampp\htdocs\postalfilatelia\app\code\core\Mage\Core\Model\Layout.php(206): Mage_Core_Model_Layout->generateBlocks(Object(Mage_Core_Model_Layout_Element))
#7 C:\xampp\htdocs\postalfilatelia\app\code\core\Mage\Core\Controller\Varien\Action.php(344): Mage_Core_Model_Layout->generateBlocks()
#8 C:\xampp\htdocs\postalfilatelia\app\code\core\Mage\Cms\Helper\Page.php(113): Mage_Core_Controller_Varien_Action->generateLayoutBlocks()
#9 C:\xampp\htdocs\postalfilatelia\app\code\core\Mage\Cms\Helper\Page.php(52): Mage_Cms_Helper_Page->_renderPage(Object(Mage_Cms_IndexController), 'home')
#10 C:\xampp\htdocs\postalfilatelia\app\code\core\Mage\Cms\controllers\IndexController.php(45): Mage_Cms_Helper_Page->renderPage(Object(Mage_Cms_IndexController), 'home')
#11 C:\xampp\htdocs\postalfilatelia\app\code\core\Mage\Core\Controller\Varien\Action.php(418): Mage_Cms_IndexController->indexAction()
#12 C:\xampp\htdocs\postalfilatelia\app\code\core\Mage\Core\Controller\Varien\Router\Standard.php(250): Mage_Core_Controller_Varien_Action->dispatch('index')
#13 C:\xampp\htdocs\postalfilatelia\app\code\core\Mage\Core\Controller\Varien\Front.php(172): Mage_Core_Controller_Varien_Router_Standard->match(Object(Mage_Core_Controller_Request_Http))
#14 C:\xampp\htdocs\postalfilatelia\app\code\core\Mage\Core\Model\App.php(354): Mage_Core_Controller_Varien_Front->dispatch()
#15 C:\xampp\htdocs\postalfilatelia\app\Mage.php(684): Mage_Core_Model_App->run(Array)
#16 C:\xampp\htdocs\postalfilatelia\index.php(87): Mage::run('', 'store')
#17 {main}
2017-06-09T18:05:58+00:00 ERR (3): 
exception 'Mage_Core_Exception' with message 'Tipo de bloco inválido: Mage_Catalog_Block_Navgation' in C:\xampp\htdocs\postalfilatelia\app\Mage.php:595
Stack trace:
#0 C:\xampp\htdocs\postalfilatelia\app\code\core\Mage\Core\Model\Layout.php(495): Mage::throwException('Tipo de bloco i...')
#1 C:\xampp\htdocs\postalfilatelia\app\code\core\Mage\Core\Model\Layout.php(437): Mage_Core_Model_Layout->_getBlockInstance('catalog/navgati...', Array)
#2 C:\xampp\htdocs\postalfilatelia\app\code\core\Mage\Core\Model\Layout.php(472): Mage_Core_Model_Layout->createBlock('catalog/navgati...', 'side.menu')
#3 C:\xampp\htdocs\postalfilatelia\app\code\core\Mage\Core\Model\Layout.php(239): Mage_Core_Model_Layout->addBlock('catalog/navgati...', 'side.menu')
#4 C:\xampp\htdocs\postalfilatelia\app\code\core\Mage\Core\Model\Layout.php(205): Mage_Core_Model_Layout->_generateBlock(Object(Mage_Core_Model_Layout_Element), Object(Mage_Core_Model_Layout_Element))
#5 C:\xampp\htdocs\postalfilatelia\app\code\core\Mage\Core\Model\Layout.php(206): Mage_Core_Model_Layout->generateBlocks(Object(Mage_Core_Model_Layout_Element))
#6 C:\xampp\htdocs\postalfilatelia\app\code\core\Mage\Core\Model\Layout.php(206): Mage_Core_Model_Layout->generateBlocks(Object(Mage_Core_Model_Layout_Element))
#7 C:\xampp\htdocs\postalfilatelia\app\code\core\Mage\Core\Controller\Varien\Action.php(344): Mage_Core_Model_Layout->generateBlocks()
#8 C:\xampp\htdocs\postalfilatelia\app\code\core\Mage\Cms\Helper\Page.php(113): Mage_Core_Controller_Varien_Action->generateLayoutBlocks()
#9 C:\xampp\htdocs\postalfilatelia\app\code\core\Mage\Cms\Helper\Page.php(52): Mage_Cms_Helper_Page->_renderPage(Object(Mage_Cms_IndexController), 'no-route')
#10 C:\xampp\htdocs\postalfilatelia\app\code\core\Mage\Cms\controllers\IndexController.php(75): Mage_Cms_Helper_Page->renderPage(Object(Mage_Cms_IndexController), 'no-route')
#11 C:\xampp\htdocs\postalfilatelia\app\code\core\Mage\Core\Controller\Varien\Action.php(418): Mage_Cms_IndexController->noRouteAction()
#12 C:\xampp\htdocs\postalfilatelia\app\code\core\Mage\Core\Controller\Varien\Router\Standard.php(250): Mage_Core_Controller_Varien_Action->dispatch('noRoute')
#13 C:\xampp\htdocs\postalfilatelia\app\code\core\Mage\Core\Controller\Varien\Front.php(172): Mage_Core_Controller_Varien_Router_Standard->match(Object(Mage_Core_Controller_Request_Http))
#14 C:\xampp\htdocs\postalfilatelia\app\code\core\Mage\Core\Model\App.php(354): Mage_Core_Controller_Varien_Front->dispatch()
#15 C:\xampp\htdocs\postalfilatelia\app\Mage.php(684): Mage_Core_Model_App->run(Array)
#16 C:\xampp\htdocs\postalfilatelia\index.php(87): Mage::run('', 'store')
#17 {main}
2017-06-09T18:06:02+00:00 ERR (3): 
exception 'Mage_Core_Exception' with message 'Tipo de bloco inválido: Mage_Catalog_Block_Navgation' in C:\xampp\htdocs\postalfilatelia\app\Mage.php:595
Stack trace:
#0 C:\xampp\htdocs\postalfilatelia\app\code\core\Mage\Core\Model\Layout.php(495): Mage::throwException('Tipo de bloco i...')
#1 C:\xampp\htdocs\postalfilatelia\app\code\core\Mage\Core\Model\Layout.php(437): Mage_Core_Model_Layout->_getBlockInstance('catalog/navgati...', Array)
#2 C:\xampp\htdocs\postalfilatelia\app\code\core\Mage\Core\Model\Layout.php(472): Mage_Core_Model_Layout->createBlock('catalog/navgati...', 'side.menu')
#3 C:\xampp\htdocs\postalfilatelia\app\code\core\Mage\Core\Model\Layout.php(239): Mage_Core_Model_Layout->addBlock('catalog/navgati...', 'side.menu')
#4 C:\xampp\htdocs\postalfilatelia\app\code\core\Mage\Core\Model\Layout.php(205): Mage_Core_Model_Layout->_generateBlock(Object(Mage_Core_Model_Layout_Element), Object(Mage_Core_Model_Layout_Element))
#5 C:\xampp\htdocs\postalfilatelia\app\code\core\Mage\Core\Model\Layout.php(206): Mage_Core_Model_Layout->generateBlocks(Object(Mage_Core_Model_Layout_Element))
#6 C:\xampp\htdocs\postalfilatelia\app\code\core\Mage\Core\Model\Layout.php(206): Mage_Core_Model_Layout->generateBlocks(Object(Mage_Core_Model_Layout_Element))
#7 C:\xampp\htdocs\postalfilatelia\app\code\core\Mage\Core\Controller\Varien\Action.php(344): Mage_Core_Model_Layout->generateBlocks()
#8 C:\xampp\htdocs\postalfilatelia\app\code\core\Mage\Catalog\controllers\CategoryController.php(148): Mage_Core_Controller_Varien_Action->generateLayoutBlocks()
#9 C:\xampp\htdocs\postalfilatelia\app\code\core\Mage\Core\Controller\Varien\Action.php(418): Mage_Catalog_CategoryController->viewAction()
#10 C:\xampp\htdocs\postalfilatelia\app\code\core\Mage\Core\Controller\Varien\Router\Standard.php(250): Mage_Core_Controller_Varien_Action->dispatch('view')
#11 C:\xampp\htdocs\postalfilatelia\app\code\core\Mage\Core\Controller\Varien\Front.php(172): Mage_Core_Controller_Varien_Router_Standard->match(Object(Mage_Core_Controller_Request_Http))
#12 C:\xampp\htdocs\postalfilatelia\app\code\core\Mage\Core\Model\App.php(354): Mage_Core_Controller_Varien_Front->dispatch()
#13 C:\xampp\htdocs\postalfilatelia\app\Mage.php(684): Mage_Core_Model_App->run(Array)
#14 C:\xampp\htdocs\postalfilatelia\index.php(87): Mage::run('', 'store')
#15 {main}
2017-06-09T18:13:25+00:00 ERR (3): 
exception 'Mage_Core_Exception' with message 'Tipo de bloco inválido: Mage_Catalog_Block_Navgation' in C:\xampp\htdocs\postalfilatelia\app\Mage.php:595
Stack trace:
#0 C:\xampp\htdocs\postalfilatelia\app\code\core\Mage\Core\Model\Layout.php(495): Mage::throwException('Tipo de bloco i...')
#1 C:\xampp\htdocs\postalfilatelia\app\code\core\Mage\Core\Model\Layout.php(437): Mage_Core_Model_Layout->_getBlockInstance('catalog/navgati...', Array)
#2 C:\xampp\htdocs\postalfilatelia\app\code\core\Mage\Core\Model\Layout.php(472): Mage_Core_Model_Layout->createBlock('catalog/navgati...', 'side.menu')
#3 C:\xampp\htdocs\postalfilatelia\app\code\core\Mage\Core\Model\Layout.php(239): Mage_Core_Model_Layout->addBlock('catalog/navgati...', 'side.menu')
#4 C:\xampp\htdocs\postalfilatelia\app\code\core\Mage\Core\Model\Layout.php(205): Mage_Core_Model_Layout->_generateBlock(Object(Mage_Core_Model_Layout_Element), Object(Mage_Core_Model_Layout_Element))
#5 C:\xampp\htdocs\postalfilatelia\app\code\core\Mage\Core\Model\Layout.php(206): Mage_Core_Model_Layout->generateBlocks(Object(Mage_Core_Model_Layout_Element))
#6 C:\xampp\htdocs\postalfilatelia\app\code\core\Mage\Core\Model\Layout.php(206): Mage_Core_Model_Layout->generateBlocks(Object(Mage_Core_Model_Layout_Element))
#7 C:\xampp\htdocs\postalfilatelia\app\code\core\Mage\Core\Controller\Varien\Action.php(344): Mage_Core_Model_Layout->generateBlocks()
#8 C:\xampp\htdocs\postalfilatelia\app\code\core\Mage\Catalog\controllers\CategoryController.php(148): Mage_Core_Controller_Varien_Action->generateLayoutBlocks()
#9 C:\xampp\htdocs\postalfilatelia\app\code\core\Mage\Core\Controller\Varien\Action.php(418): Mage_Catalog_CategoryController->viewAction()
#10 C:\xampp\htdocs\postalfilatelia\app\code\core\Mage\Core\Controller\Varien\Router\Standard.php(250): Mage_Core_Controller_Varien_Action->dispatch('view')
#11 C:\xampp\htdocs\postalfilatelia\app\code\core\Mage\Core\Controller\Varien\Front.php(172): Mage_Core_Controller_Varien_Router_Standard->match(Object(Mage_Core_Controller_Request_Http))
#12 C:\xampp\htdocs\postalfilatelia\app\code\core\Mage\Core\Model\App.php(354): Mage_Core_Controller_Varien_Front->dispatch()
#13 C:\xampp\htdocs\postalfilatelia\app\Mage.php(684): Mage_Core_Model_App->run(Array)
#14 C:\xampp\htdocs\postalfilatelia\index.php(87): Mage::run('', 'store')
#15 {main}
